<?xml version="1.0" encoding="UTF-8"?>
<testsuite xmlns:xsi="http://www.w3.org/2001/XMLSchema-instance" xsi:noNamespaceSchemaLocation="https://maven.apache.org/surefire/maven-surefire-plugin/xsd/surefire-test-report.xsd" name="com.softserve.edu.sprint4.task2.Task2Test" time="0.042" tests="10" errors="0" skipped="0" failures="0">
  <properties>
    <property name="java.specification.version" value="17"/>
    <property name="sun.cpu.isalist" value="amd64"/>
    <property name="sun.jnu.encoding" value="Cp1251"/>
    <property name="java.class.path" value="D:\softserve\Sprint04\jom_sprint04_tests-solodukha-ihor\target\test-classes;D:\softserve\Sprint04\jom_sprint04_tests-solodukha-ihor\target\classes;C:\Users\igors\.m2\repository\org\junit\jupiter\junit-jupiter-engine\5.8.2\junit-jupiter-engine-5.8.2.jar;C:\Users\igors\.m2\repository\org\junit\platform\junit-platform-engine\1.8.2\junit-platform-engine-1.8.2.jar;C:\Users\igors\.m2\repository\org\opentest4j\opentest4j\1.2.0\opentest4j-1.2.0.jar;C:\Users\igors\.m2\repository\org\junit\platform\junit-platform-commons\1.8.2\junit-platform-commons-1.8.2.jar;C:\Users\igors\.m2\repository\org\junit\jupiter\junit-jupiter-api\5.8.2\junit-jupiter-api-5.8.2.jar;C:\Users\igors\.m2\repository\org\apiguardian\apiguardian-api\1.1.2\apiguardian-api-1.1.2.jar;C:\Users\igors\.m2\repository\org\junit\jupiter\junit-jupiter-params\5.8.2\junit-jupiter-params-5.8.2.jar;"/>
    <property name="java.vm.vendor" value="Oracle Corporation"/>
    <property name="sun.arch.data.model" value="64"/>
    <property name="user.variant" value=""/>
    <property name="java.vendor.url" value="https://java.oracle.com/"/>
    <property name="user.timezone" value="Europe/Warsaw"/>
    <property name="user.country.format" value="UA"/>
    <property name="os.name" value="Windows 11"/>
    <property name="java.vm.specification.version" value="17"/>
    <property name="sun.java.launcher" value="SUN_STANDARD"/>
    <property name="user.country" value="RU"/>
    <property name="sun.boot.library.path" value="D:\JAVA\jdk17\bin"/>
    <property name="sun.java.command" value="C:\Users\igors\AppData\Local\Temp\surefire2985283499544297120\surefirebooter7643150355176498515.jar C:\Users\igors\AppData\Local\Temp\surefire2985283499544297120 2023-12-19T01-36-55_966-jvmRun1 surefire16172713722258077730tmp surefire_06903013729230940349tmp"/>
    <property name="jdk.debug" value="release"/>
    <property name="surefire.test.class.path" value="D:\softserve\Sprint04\jom_sprint04_tests-solodukha-ihor\target\test-classes;D:\softserve\Sprint04\jom_sprint04_tests-solodukha-ihor\target\classes;C:\Users\igors\.m2\repository\org\junit\jupiter\junit-jupiter-engine\5.8.2\junit-jupiter-engine-5.8.2.jar;C:\Users\igors\.m2\repository\org\junit\platform\junit-platform-engine\1.8.2\junit-platform-engine-1.8.2.jar;C:\Users\igors\.m2\repository\org\opentest4j\opentest4j\1.2.0\opentest4j-1.2.0.jar;C:\Users\igors\.m2\repository\org\junit\platform\junit-platform-commons\1.8.2\junit-platform-commons-1.8.2.jar;C:\Users\igors\.m2\repository\org\junit\jupiter\junit-jupiter-api\5.8.2\junit-jupiter-api-5.8.2.jar;C:\Users\igors\.m2\repository\org\apiguardian\apiguardian-api\1.1.2\apiguardian-api-1.1.2.jar;C:\Users\igors\.m2\repository\org\junit\jupiter\junit-jupiter-params\5.8.2\junit-jupiter-params-5.8.2.jar;"/>
    <property name="sun.cpu.endian" value="little"/>
    <property name="user.home" value="C:\Users\igors"/>
    <property name="user.language" value="ru"/>
    <property name="java.specification.vendor" value="Oracle Corporation"/>
    <property name="java.version.date" value="2023-10-17"/>
    <property name="java.home" value="D:\JAVA\jdk17"/>
    <property name="file.separator" value="\"/>
    <property name="basedir" value="D:\softserve\Sprint04\jom_sprint04_tests-solodukha-ihor"/>
    <property name="java.vm.compressedOopsMode" value="Zero based"/>
    <property name="line.separator" value="&#10;"/>
    <property name="java.vm.specification.vendor" value="Oracle Corporation"/>
    <property name="java.specification.name" value="Java Platform API Specification"/>
    <property name="surefire.real.class.path" value="C:\Users\igors\AppData\Local\Temp\surefire2985283499544297120\surefirebooter7643150355176498515.jar"/>
    <property name="user.script" value=""/>
    <property name="sun.management.compiler" value="HotSpot 64-Bit Tiered Compilers"/>
    <property name="java.runtime.version" value="17.0.9+11-LTS-201"/>
    <property name="user.name" value="igors"/>
    <property name="path.separator" value=";"/>
    <property name="os.version" value="10.0"/>
    <property name="java.runtime.name" value="Java(TM) SE Runtime Environment"/>
    <property name="file.encoding" value="Cp1251"/>
    <property name="java.vm.name" value="Java HotSpot(TM) 64-Bit Server VM"/>
    <property name="localRepository" value="C:\Users\igors\.m2\repository"/>
    <property name="java.vendor.url.bug" value="https://bugreport.java.com/bugreport/"/>
    <property name="java.io.tmpdir" value="C:\Users\igors\AppData\Local\Temp\"/>
    <property name="java.version" value="17.0.9"/>
    <property name="user.dir" value="D:\softserve\Sprint04\jom_sprint04_tests-solodukha-ihor"/>
    <property name="os.arch" value="amd64"/>
    <property name="java.vm.specification.name" value="Java Virtual Machine Specification"/>
    <property name="sun.os.patch.level" value=""/>
    <property name="native.encoding" value="Cp1251"/>
    <property name="java.library.path" value="D:\JAVA\jdk17\bin;C:\Windows\Sun\Java\bin;C:\Windows\system32;C:\Windows;C:\Program Files\Common Files\Oracle\Java\javapath;C:\Program Files (x86)\Common Files\Oracle\Java\javapath;C:\Windows\system32;C:\Windows;C:\Windows\System32\Wbem;C:\Windows\System32\WindowsPowerShell\v1.0\;C:\Windows\System32\OpenSSH\;C:\Program Files (x86)\NVIDIA Corporation\PhysX\Common;C:\Program Files\NVIDIA Corporation\NVIDIA NvDLISR;D:\git\Git\cmd;D:\maven\apache-maven-3.9.6\bin;D:\AndroidSDK\JavaJDK;C:\Program Files\PowerShell\7\;C:\Users\igors\AppData\Local\Microsoft\WindowsApps;C:\Users\igors\AppData\Local\GitHubDesktop\bin;D:/AndroidSDK/AndroidSDK\platform-tools;D:/AndroidSDK/AndroidSDK\tools;D:\JAVA\IDE\IntelliJ IDEA 2023.2.2\bin;;D:\JAVA\IDE\IntelliJ IDEA Community Edition 2023.3.1\bin;;."/>
    <property name="java.vm.info" value="mixed mode, sharing"/>
    <property name="java.vendor" value="Oracle Corporation"/>
    <property name="java.vm.version" value="17.0.9+11-LTS-201"/>
    <property name="sun.io.unicode.encoding" value="UnicodeLittle"/>
    <property name="java.class.version" value="61.0"/>
  </properties>
  <testcase name="checkDuplicateId" classname="com.softserve.edu.sprint4.task2.Task2Test" time="0.026"/>
  <testcase name="checkNullString" classname="com.softserve.edu.sprint4.task2.Task2Test" time="0"/>
  <testcase name="checkDuplicateNames" classname="com.softserve.edu.sprint4.task2.Task2Test" time="0.001"/>
  <testcase name="checkExistCommon" classname="com.softserve.edu.sprint4.task2.Task2Test" time="0"/>
  <testcase name="checkEmptyLists" classname="com.softserve.edu.sprint4.task2.Task2Test" time="0"/>
  <testcase name="isMethodPublic" classname="com.softserve.edu.sprint4.task2.Task2Test" time="0.001"/>
  <testcase name="isTypePublic" classname="com.softserve.edu.sprint4.task2.Task2Test" time="0.005"/>
  <testcase name="checkUnique" classname="com.softserve.edu.sprint4.task2.Task2Test" time="0"/>
  <testcase name="checkEmptySecondList" classname="com.softserve.edu.sprint4.task2.Task2Test" time="0"/>
  <testcase name="checkEqualLists" classname="com.softserve.edu.sprint4.task2.Task2Test" time="0"/>
</testsuite>